<?xml version="1.0" encoding="UTF-8"?>
<testsuite xmlns:xsi="http://www.w3.org/2001/XMLSchema-instance" xsi:noNamespaceSchemaLocation="https://maven.apache.org/surefire/maven-surefire-plugin/xsd/surefire-test-report-3.0.xsd" version="3.0" name="com.programmingtechie.orderservice.OrderServiceApplicationTests" time="2.065" tests="1" errors="0" skipped="0" failures="0">
  <properties>
[...]
</properties>
  <testcase name="contextLoads" classname="com.programmingtechie.orderservice.OrderServiceApplicationTests" time="0.275">
    <system-out><![CDATA[16:08:20.838 [main] INFO org.springframework.test.context.support.AnnotationConfigContextLoaderUtils -- Could not detect default configuration classes for test class [com.programmingtechie.orderservice.OrderServiceApplicationTests]: OrderServiceApplicationTests does not declare any static, non-private, non-final, nested classes annotated with @Configuration.
16:08:20.877 [main] INFO org.springframework.boot.test.context.SpringBootTestContextBootstrapper -- Found @SpringBootConfiguration com.programmingtechie.orderservice.OrderServiceApplication for test class com.programmingtechie.orderservice.OrderServiceApplicationTests

  .   ____          _            __ _ _
 /\\ / ___'_ __ _ _(_)_ __  __ _ \ \ \ \
( ( )\___ | '_ | '_| | '_ \/ _` | \ \ \ \
 \\/  ___)| |_)| | | | | || (_| |  ) ) ) )
  '  |____| .__|_| |_|_| |_\__, | / / / /
 =========|_|==============|___/=/_/_/_/
 :: Spring Boot ::                (v3.2.2)

2024-02-20T16:08:21.018+03:00  INFO 10906 --- [           main] c.p.o.OrderServiceApplicationTests       : Starting OrderServiceApplicationTests using Java 17 with PID 10906 (started by utkutasguluk in /Users/utkutasguluk/Desktop/software/Github/microservices-new/order-service)
2024-02-20T16:08:21.019+03:00  INFO 10906 --- [           main] c.p.o.OrderServiceApplicationTests       : No active profile set, falling back to 1 default profile: "default"
2024-02-20T16:08:21.290+03:00  INFO 10906 --- [           main] .s.d.r.c.RepositoryConfigurationDelegate : Bootstrapping Spring Data JPA repositories in DEFAULT mode.
2024-02-20T16:08:21.311+03:00  INFO 10906 --- [           main] .s.d.r.c.RepositoryConfigurationDelegate : Finished Spring Data repository scanning in 18 ms. Found 1 JPA repository interface.
2024-02-20T16:08:21.488+03:00  INFO 10906 --- [           main] o.hibernate.jpa.internal.util.LogHelper  : HHH000204: Processing PersistenceUnitInfo [name: default]
2024-02-20T16:08:21.507+03:00  INFO 10906 --- [           main] org.hibernate.Version                    : HHH000412: Hibernate ORM core version 6.4.1.Final
2024-02-20T16:08:21.519+03:00  INFO 10906 --- [           main] o.h.c.internal.RegionFactoryInitiator    : HHH000026: Second-level cache disabled
2024-02-20T16:08:21.613+03:00  INFO 10906 --- [           main] o.s.o.j.p.SpringPersistenceUnitInfo      : No LoadTimeWeaver setup: ignoring JPA class transformer
2024-02-20T16:08:21.622+03:00  INFO 10906 --- [           main] com.zaxxer.hikari.HikariDataSource       : HikariPool-1 - Starting...
2024-02-20T16:08:21.791+03:00  INFO 10906 --- [           main] com.zaxxer.hikari.pool.HikariPool        : HikariPool-1 - Added connection com.mysql.cj.jdbc.ConnectionImpl@9d99851
2024-02-20T16:08:21.792+03:00  INFO 10906 --- [           main] com.zaxxer.hikari.HikariDataSource       : HikariPool-1 - Start completed.
2024-02-20T16:08:22.188+03:00  INFO 10906 --- [           main] o.h.e.t.j.p.i.JtaPlatformInitiator       : HHH000489: No JTA platform available (set 'hibernate.transaction.jta.platform' to enable JTA platform integration)
2024-02-20T16:08:22.240+03:00  INFO 10906 --- [           main] j.LocalContainerEntityManagerFactoryBean : Initialized JPA EntityManagerFactory for persistence unit 'default'
2024-02-20T16:08:22.403+03:00  WARN 10906 --- [           main] JpaBaseConfiguration$JpaWebConfiguration : spring.jpa.open-in-view is enabled by default. Therefore, database queries may be performed during view rendering. Explicitly configure spring.jpa.open-in-view to disable this warning
2024-02-20T16:08:22.558+03:00  INFO 10906 --- [           main] c.p.o.OrderServiceApplicationTests       : Started OrderServiceApplicationTests in 1.629 seconds (process running for 1.994)
]]></system-out>
  </testcase>
</testsuite>